<?xml version="1.0" encoding="UTF-8"?>
<!-- Generated by org.testng.reporters.JUnitXMLReporter -->
<testsuite hostname="DESKTOP-MBGODUO" ignored="0" name="Test" tests="6" failures="0" timestamp="2022-01-15T10:01:21 IST" time="0.141" errors="0">
  <testcase name="deleteOrkut" time="0.022" classname="qaclickacademy.Mavenjava.RestApiTest"/>
  <testcase name="deleteTwitter" time="0.001" classname="qaclickacademy.Mavenjava.RestApiTest"/>
  <testcase name="iosApp" time="0.001" classname="qaclickacademy.Mavenjava.AppiumTest"/>
  <testcase name="nativeAppAndroid" time="0.001" classname="qaclickacademy.Mavenjava.AppiumTest"/>
  <testcase name="browserAutomation" time="0.001" classname="qaclickacademy.Mavenjava.SeleniumTest"/>
  <testcase name="elementUi" time="0.0" classname="qaclickacademy.Mavenjava.SeleniumTest"/>
</testsuite> <!-- Test -->
