<?xml version="1.0" encoding="UTF-8"?>
<testng-results skipped="0" failed="0" ignored="0" total="6" passed="6">
  <reporter-output>
  </reporter-output>
  <suite name="Suite" duration-ms="141" started-at="2022-01-15T10:01:21 IST" finished-at="2022-01-15T10:01:21 IST">
    <groups>
    </groups>
    <test name="Test" duration-ms="141" started-at="2022-01-15T10:01:21 IST" finished-at="2022-01-15T10:01:21 IST">
      <class name="qaclickacademy.Mavenjava.AppiumTest">
        <test-method status="PASS" signature="iosApp()[pri:0, instance:qaclickacademy.Mavenjava.AppiumTest@3dd4520b]" name="iosApp" duration-ms="1" started-at="2022-01-15T10:01:21 IST" finished-at="2022-01-15T10:01:21 IST">
          <reporter-output>
          </reporter-output>
        </test-method> <!-- iosApp -->
        <test-method status="PASS" signature="nativeAppAndroid()[pri:0, instance:qaclickacademy.Mavenjava.AppiumTest@3dd4520b]" name="nativeAppAndroid" duration-ms="1" started-at="2022-01-15T10:01:21 IST" finished-at="2022-01-15T10:01:21 IST">
          <reporter-output>
          </reporter-output>
        </test-method> <!-- nativeAppAndroid -->
      </class> <!-- qaclickacademy.Mavenjava.AppiumTest -->
      <class name="qaclickacademy.Mavenjava.RestApiTest">
        <test-method status="PASS" signature="deleteOrkut()[pri:0, instance:qaclickacademy.Mavenjava.RestApiTest@67b92f0a]" name="deleteOrkut" duration-ms="22" started-at="2022-01-15T10:01:21 IST" finished-at="2022-01-15T10:01:21 IST">
          <reporter-output>
          </reporter-output>
        </test-method> <!-- deleteOrkut -->
        <test-method status="PASS" signature="deleteTwitter()[pri:0, instance:qaclickacademy.Mavenjava.RestApiTest@67b92f0a]" name="deleteTwitter" duration-ms="1" started-at="2022-01-15T10:01:21 IST" finished-at="2022-01-15T10:01:21 IST">
          <reporter-output>
          </reporter-output>
        </test-method> <!-- deleteTwitter -->
      </class> <!-- qaclickacademy.Mavenjava.RestApiTest -->
      <class name="qaclickacademy.Mavenjava.SeleniumTest">
        <test-method status="PASS" signature="browserAutomation()[pri:0, instance:qaclickacademy.Mavenjava.SeleniumTest@5ae63ade]" name="browserAutomation" duration-ms="1" started-at="2022-01-15T10:01:21 IST" finished-at="2022-01-15T10:01:21 IST">
          <reporter-output>
          </reporter-output>
        </test-method> <!-- browserAutomation -->
        <test-method status="PASS" signature="elementUi()[pri:0, instance:qaclickacademy.Mavenjava.SeleniumTest@5ae63ade]" name="elementUi" duration-ms="0" started-at="2022-01-15T10:01:21 IST" finished-at="2022-01-15T10:01:21 IST">
          <reporter-output>
          </reporter-output>
        </test-method> <!-- elementUi -->
      </class> <!-- qaclickacademy.Mavenjava.SeleniumTest -->
    </test> <!-- Test -->
  </suite> <!-- Suite -->
</testng-results>
