<?xml version="1.0" encoding="UTF-8"?>
<testng-results ignored="0" total="2" passed="2" failed="0" skipped="0">
  <reporter-output>
  </reporter-output>
  <suite started-at="2021-08-31T09:50:06 IST" name="Default suite" finished-at="2021-08-31T09:50:06 IST" duration-ms="95">
    <groups>
    </groups>
    <test started-at="2021-08-31T09:50:06 IST" name="Default test" finished-at="2021-08-31T09:50:06 IST" duration-ms="95">
      <class name="qaclickacademy.Mavenjava.RESTAPITest">
        <test-method signature="deleteTwitter()[pri:0, instance:qaclickacademy.Mavenjava.RESTAPITest@693fe6c9]" started-at="2021-08-31T09:50:06 IST" name="deleteTwitter" finished-at="2021-08-31T09:50:06 IST" duration-ms="15" status="PASS">
          <reporter-output>
          </reporter-output>
        </test-method> <!-- deleteTwitter -->
        <test-method signature="postJira()[pri:0, instance:qaclickacademy.Mavenjava.RESTAPITest@693fe6c9]" started-at="2021-08-31T09:50:06 IST" name="postJira" finished-at="2021-08-31T09:50:06 IST" duration-ms="2" status="PASS">
          <reporter-output>
          </reporter-output>
        </test-method> <!-- postJira -->
      </class> <!-- qaclickacademy.Mavenjava.RESTAPITest -->
    </test> <!-- Default test -->
  </suite> <!-- Default suite -->
</testng-results>
